<?xml version="1.0" encoding="UTF-8"?>
<!-- Generated by org.testng.reporters.JUnitXMLReporter -->
<testsuite hostname="DESKTOP-48G8LDM" ignored="0" name="Delete Customer API Test" tests="1" failures="1" timestamp="2020-05-01T16:11:52 IST" time="2.517" errors="0">
  <testcase name="deleteCustomer" time="2.477" classname="com.w2a.APITestingFramework.testcases.DeleteCustomerTest">
    <failure type="java.lang.AssertionError" message="Id key is not present in the response expected [true] but found [false]">
      <![CDATA[java.lang.AssertionError: Id key is not present in the response expected [true] but found [false]
at com.w2a.APITestingFramework.testcases.DeleteCustomerTest.deleteCustomer(DeleteCustomerTest.java:39)
at java.util.ArrayList.forEach(ArrayList.java:1257)
... Removed 33 stack frames]]>
    </failure>
  </testcase> <!-- deleteCustomer -->
</testsuite> <!-- Delete Customer API Test -->
