<?xml version="1.0" encoding="UTF-8"?>
<testsuite xmlns:xsi="http://www.w3.org/2001/XMLSchema-instance" xsi:noNamespaceSchemaLocation="https://maven.apache.org/surefire/maven-surefire-plugin/xsd/surefire-test-report.xsd" name="TestSuite" time="15.218" tests="4" errors="0" skipped="0" failures="2">
  <properties>
[...]
</properties>
  <testcase name="validateCreateCustomerAPIWithInvalidSecretKey" classname="com.w2a.APITestingFramework.testcases.CeateCustomerTest" time="4.82">
    <failure message="expected [200] but found [401]" type="java.lang.AssertionError">java.lang.AssertionError: expected [200] but found [401]
	at com.w2a.APITestingFramework.testcases.CeateCustomerTest.validateCreateCustomerAPIWithInvalidSecretKey(CeateCustomerTest.java:40)
</failure>
    <system-out><![CDATA[Total rows are 12
The test starts from :6
Total test rows are :1
Total columns are 3
gurpreet1
gurpreet1@demo.com
This is description 1
{
    "error": {
        "message": "Invalid API Key provided: sk_test_**********************************1982",
        "type": "invalid_request_error"
    }
}
401
{
    "error": {
        "message": "Invalid API Key provided: sk_test_**********************************1982",
        "type": "invalid_request_error"
    }
}
]]></system-out>
  </testcase>
  <testcase name="validateCreateCustomerAPIWithValidSecretKey" classname="com.w2a.APITestingFramework.testcases.CeateCustomerTest" time="2.414"/>
  <testcase name="validateCreateCustomerAPIWithValidSecretKey" classname="com.w2a.APITestingFramework.testcases.CeateCustomerTest" time="2.247"/>
  <testcase name="deleteCustomer" classname="com.w2a.APITestingFramework.testcases.DeleteCustomerTest" time="2.476">
    <failure message="Id key is not present in the response expected [true] but found [false]" type="java.lang.AssertionError">java.lang.AssertionError: Id key is not present in the response expected [true] but found [false]
	at com.w2a.APITestingFramework.testcases.DeleteCustomerTest.deleteCustomer(DeleteCustomerTest.java:39)
</failure>
    <system-out><![CDATA[Total rows are 12
The test starts from :10
Total test rows are :1
Total columns are 1
cus_HCJ5OTlLhZeMMU
{
    "error": {
        "code": "resource_missing",
        "doc_url": "https://stripe.com/docs/error-codes/resource-missing",
        "message": "No such customer: cus_HCJ5OTlLhZeMMU",
        "param": "id",
        "type": "invalid_request_error"
    }
}
404
]]></system-out>
  </testcase>
</testsuite>